[debug] [2023-04-01T17:49:33.937Z] ----------------------------------------------------------------------
[debug] [2023-04-01T17:49:33.940Z] Command:       C:\Program Files\nodejs\node.exe C:\Users\Luis Cascante\AppData\Roaming\npm\node_modules\firebase-tools\lib\bin\firebase.js init
[debug] [2023-04-01T17:49:33.940Z] CLI Version:   11.15.0
[debug] [2023-04-01T17:49:33.940Z] Platform:      win32
[debug] [2023-04-01T17:49:33.941Z] Node Version:  v18.14.2
[debug] [2023-04-01T17:49:33.941Z] Time:          Sat Apr 01 2023 11:49:33 GMT-0600 (hora estándar central)
[debug] [2023-04-01T17:49:33.942Z] ----------------------------------------------------------------------
[debug] 
[debug] [2023-04-01T17:49:33.946Z] >>> [apiv2][query] GET https://firebase-public.firebaseio.com/cli.json [none]
[debug] [2023-04-01T17:49:33.999Z] > command requires scopes: ["email","openid","https://www.googleapis.com/auth/cloudplatformprojects.readonly","https://www.googleapis.com/auth/firebase","https://www.googleapis.com/auth/cloud-platform"]
[debug] [2023-04-01T17:49:34.000Z] > authorizing via signed-in user (luisalonzocascante@gmail.com)
[info] 
     ######## #### ########  ######## ########     ###     ######  ########
     ##        ##  ##     ## ##       ##     ##  ##   ##  ##       ##
     ######    ##  ########  ######   ########  #########  ######  ######
     ##        ##  ##    ##  ##       ##     ## ##     ##       ## ##
     ##       #### ##     ## ######## ########  ##     ##  ######  ########

You're about to initialize a Firebase project in this directory:

  F:\Docencia\Cenfotec\SAV1-React-2023\proyecto-typescript

[debug] [2023-04-01T17:49:34.374Z] <<< [apiv2][status] GET https://firebase-public.firebaseio.com/cli.json 200
[debug] [2023-04-01T17:49:34.374Z] <<< [apiv2][body] GET https://firebase-public.firebaseio.com/cli.json {"cloudBuildErrorAfter":1594252800000,"cloudBuildWarnAfter":1590019200000,"defaultNode10After":1594252800000,"minVersion":"3.0.5","node8DeploysDisabledAfter":1613390400000,"node8RuntimeDisabledAfter":1615809600000,"node8WarnAfter":1600128000000}
